c:\users\leepika\source\repos\rpl_dodag_formation_visualization_in_iot_networks_v12.02\workspace_dodag_visualization\src\simulation\rpl\x64\debug\vc142.pdb
c:\users\leepika\source\repos\rpl_dodag_formation_visualization_in_iot_networks_v12.02\workspace_dodag_visualization\src\simulation\rpl\x64\debug\vc142.idb
c:\users\leepika\source\repos\rpl_dodag_formation_visualization_in_iot_networks_v12.02\workspace_dodag_visualization\src\simulation\rpl\x64\debug\trickle.obj
c:\users\leepika\source\repos\rpl_dodag_formation_visualization_in_iot_networks_v12.02\workspace_dodag_visualization\src\simulation\rpl\x64\debug\sequencenumber.obj
c:\users\leepika\source\repos\rpl_dodag_formation_visualization_in_iot_networks_v12.02\workspace_dodag_visualization\src\simulation\rpl\x64\debug\rpl_message.obj
c:\users\leepika\source\repos\rpl_dodag_formation_visualization_in_iot_networks_v12.02\workspace_dodag_visualization\src\simulation\rpl\x64\debug\rpl_enum.obj
c:\users\leepika\source\repos\rpl_dodag_formation_visualization_in_iot_networks_v12.02\workspace_dodag_visualization\src\simulation\rpl\x64\debug\rpl.obj
c:\users\leepika\source\repos\rpl_dodag_formation_visualization_in_iot_networks_v12.02\workspace_dodag_visualization\src\simulation\rpl\x64\debug\neighbor.obj
c:\users\leepika\source\repos\rpl_dodag_formation_visualization_in_iot_networks_v12.02\workspace_dodag_visualization\src\simulation\rpl\x64\debug\matlab_interface.obj
c:\users\leepika\source\repos\rpl_dodag_formation_visualization_in_iot_networks_v12.02\workspace_dodag_visualization\src\simulation\rpl\x64\debug\malicious.obj
c:\users\leepika\source\repos\rpl_dodag_formation_visualization_in_iot_networks_v12.02\workspace_dodag_visualization\src\simulation\rpl\x64\debug\dodag.obj
c:\users\leepika\source\repos\rpl_dodag_formation_visualization_in_iot_networks_v12.02\workspace_dodag_visualization\src\simulation\rpl\x64\debug\dis.obj
c:\users\leepika\source\repos\rpl_dodag_formation_visualization_in_iot_networks_v12.02\workspace_dodag_visualization\src\simulation\rpl\x64\debug\dio.obj
c:\users\leepika\source\repos\rpl_dodag_formation_visualization_in_iot_networks_v12.02\workspace_dodag_visualization\src\simulation\rpl\x64\debug\dao.obj
c:\users\leepika\source\repos\rpl_dodag_formation_visualization_in_iot_networks_v12.02\workspace_dodag_visualization\bin\bin_x64\librpl.dll
c:\users\leepika\source\repos\rpl_dodag_formation_visualization_in_iot_networks_v12.02\workspace_dodag_visualization\bin\bin_x64\rpl.pdb
c:\users\leepika\source\repos\rpl_dodag_formation_visualization_in_iot_networks_v12.02\workspace_dodag_visualization\bin\bin_x64\rpl.lib
c:\users\leepika\source\repos\rpl_dodag_formation_visualization_in_iot_networks_v12.02\workspace_dodag_visualization\bin\bin_x64\rpl.exp
g:\v12_projects\sinkhole_attack_in_rpl_v12.0\workspace_sinkhole_attack_rpl\src\simulation\rpl\x64\debug\dao.obj
g:\v12_projects\sinkhole_attack_in_rpl_v12.0\workspace_sinkhole_attack_rpl\src\simulation\rpl\x64\debug\dio.obj
g:\v12_projects\sinkhole_attack_in_rpl_v12.0\workspace_sinkhole_attack_rpl\src\simulation\rpl\x64\debug\dis.obj
g:\v12_projects\sinkhole_attack_in_rpl_v12.0\workspace_sinkhole_attack_rpl\src\simulation\rpl\x64\debug\dodag.obj
g:\v12_projects\sinkhole_attack_in_rpl_v12.0\workspace_sinkhole_attack_rpl\src\simulation\rpl\x64\debug\malicious.obj
g:\v12_projects\sinkhole_attack_in_rpl_v12.0\workspace_sinkhole_attack_rpl\src\simulation\rpl\x64\debug\matlab_interface.obj
g:\v12_projects\sinkhole_attack_in_rpl_v12.0\workspace_sinkhole_attack_rpl\src\simulation\rpl\x64\debug\neighbor.obj
g:\v12_projects\sinkhole_attack_in_rpl_v12.0\workspace_sinkhole_attack_rpl\src\simulation\rpl\x64\debug\rpl.obj
g:\v12_projects\sinkhole_attack_in_rpl_v12.0\workspace_sinkhole_attack_rpl\src\simulation\rpl\x64\debug\rpl_enum.obj
g:\v12_projects\sinkhole_attack_in_rpl_v12.0\workspace_sinkhole_attack_rpl\src\simulation\rpl\x64\debug\rpl_message.obj
g:\v12_projects\sinkhole_attack_in_rpl_v12.0\workspace_sinkhole_attack_rpl\src\simulation\rpl\x64\debug\sequencenumber.obj
g:\v12_projects\sinkhole_attack_in_rpl_v12.0\workspace_sinkhole_attack_rpl\src\simulation\rpl\x64\debug\trickle.obj
g:\v12_projects\sinkhole_attack_in_rpl_v12.0\workspace_sinkhole_attack_rpl\src\simulation\rpl\x64\debug\vc142.idb
g:\v12_projects\sinkhole_attack_in_rpl_v12.0\workspace_sinkhole_attack_rpl\src\simulation\rpl\x64\debug\vc142.pdb
g:\v12_projects\sinkhole_attack_in_rpl_v12.0\workspace_sinkhole_attack_rpl\src\simulation\rpl\x64\debug\rpl.tlog\cl.command.1.tlog
g:\v12_projects\sinkhole_attack_in_rpl_v12.0\workspace_sinkhole_attack_rpl\src\simulation\rpl\x64\debug\rpl.tlog\cl.read.1.tlog
g:\v12_projects\sinkhole_attack_in_rpl_v12.0\workspace_sinkhole_attack_rpl\src\simulation\rpl\x64\debug\rpl.tlog\cl.write.1.tlog
g:\v12_projects\sinkhole_attack_in_rpl_v12.0\workspace_sinkhole_attack_rpl\src\simulation\rpl\x64\debug\rpl.tlog\link.command.1.tlog
g:\v12_projects\sinkhole_attack_in_rpl_v12.0\workspace_sinkhole_attack_rpl\src\simulation\rpl\x64\debug\rpl.tlog\link.read.1.tlog
g:\v12_projects\sinkhole_attack_in_rpl_v12.0\workspace_sinkhole_attack_rpl\src\simulation\rpl\x64\debug\rpl.tlog\link.write.1.tlog
g:\v12_projects\sinkhole_attack_in_rpl_v12.0\workspace_sinkhole_attack_rpl\src\simulation\rpl\x64\debug\rpl.tlog\rpl.write.1u.tlog
